<?xml version="1.0" encoding="UTF-8"?>
<!-- Generated by org.testng.reporters.JUnitXMLReporter -->
<testsuite ignored="3" hostname="D-Trigger.attlocal.net" failures="0" tests="4" name="Regression Test" time="12.988" errors="0" timestamp="2021-07-12T14:18:51 EDT">
  <testcase classname="com.hrms.testcases.LoginTest" name="invalidLoginErrorMessageValidation" time="0.892"/>
  <testcase classname="com.hrms.testcases.LoginTest" name="invalidLoginErrorMessageValidation" time="0.525"/>
  <testcase classname="com.hrms.testcases.LoginTest" name="invalidLoginErrorMessageValidation" time="0.296"/>
  <testcase classname="com.hrms.testcases.LoginTest" name="invalidLoginErrorMessageValidation" time="0.291"/>
  <testcase classname="com.hrms.testcases.AddEmployeeTest" name="addEmployee" time="0.0">
    <ignored/>
  </testcase> <!-- addEmployee -->
  <testcase classname="com.hrms.testcases.LoginTest" name="adminLogin" time="0.0">
    <ignored/>
  </testcase> <!-- adminLogin -->
  <testcase classname="com.hrms.testcases.AddEmployeeTest" name="addMultipleEmployees" time="0.0">
    <ignored/>
  </testcase> <!-- addMultipleEmployees -->
</testsuite> <!-- Regression Test -->
