<?xml version="1.0" encoding="UTF-8"?>
<!-- Generated by org.testng.reporters.JUnitXMLReporter -->
<testsuite ignored="2" hostname="D-Trigger.attlocal.net" failures="0" tests="2" name="Smoke Test" time="13.519" errors="0" timestamp="2021-07-12T13:59:26 EDT">
  <testcase classname="com.hrms.testcases.LoginTest" name="adminLogin" time="1.709"/>
  <testcase classname="com.hrms.testcases.AddEmployeeTest" name="addEmployee" time="5.471"/>
  <testcase classname="com.hrms.testcases.LoginTest" name="invalidLoginErrorMessageValidation" time="0.0">
    <ignored/>
  </testcase> <!-- invalidLoginErrorMessageValidation -->
  <testcase classname="com.hrms.testcases.AddEmployeeTest" name="addMultipleEmployees" time="0.0">
    <ignored/>
  </testcase> <!-- addMultipleEmployees -->
</testsuite> <!-- Smoke Test -->
