<?xml version="1.0" encoding="UTF-8"?>
<testng-results ignored="3" total="7" passed="4" failed="0" skipped="0">
  <reporter-output>
  </reporter-output>
  <suite started-at="2021-07-12T14:18:38 EDT" name="Regression Suite" finished-at="2021-07-12T14:18:51 EDT" duration-ms="12988">
    <groups>
      <group name="regression">
        <method signature="LoginTest.invalidLoginErrorMessageValidation(java.lang.String,java.lang.String,java.lang.String)[pri:0, instance:com.hrms.testcases.LoginTest@3e3047e6]" name="invalidLoginErrorMessageValidation" class="com.hrms.testcases.LoginTest"/>
      </group> <!-- regression -->
    </groups>
    <test started-at="2021-07-12T14:18:38 EDT" name="Regression Test" finished-at="2021-07-12T14:18:51 EDT" duration-ms="12988">
      <class name="com.hrms.testcases.LoginTest">
        <test-method is-config="true" signature="setUp()[pri:0, instance:com.hrms.testcases.LoginTest@3e3047e6]" started-at="2021-07-12T14:18:38 EDT" name="setUp" finished-at="2021-07-12T14:18:41 EDT" duration-ms="2650" status="PASS">
          <reporter-output>
          </reporter-output>
        </test-method> <!-- setUp -->
        <test-method signature="invalidLoginErrorMessageValidation(java.lang.String,java.lang.String,java.lang.String)[pri:0, instance:com.hrms.testcases.LoginTest@3e3047e6]" started-at="2021-07-12T14:18:41 EDT" name="invalidLoginErrorMessageValidation" data-provider="invalidData" finished-at="2021-07-12T14:18:41 EDT" duration-ms="892" status="PASS">
          <params>
            <param index="0">
              <value>
                <![CDATA[Admin]]>
              </value>
            </param>
            <param index="1">
              <value>
                <![CDATA[123!]]>
              </value>
            </param>
            <param index="2">
              <value>
                <![CDATA[Invalid credentials]]>
              </value>
            </param>
          </params>
          <reporter-output>
          </reporter-output>
        </test-method> <!-- invalidLoginErrorMessageValidation -->
        <test-method is-config="true" signature="tearDown()[pri:0, instance:com.hrms.testcases.LoginTest@3e3047e6]" started-at="2021-07-12T14:18:42 EDT" name="tearDown" finished-at="2021-07-12T14:18:42 EDT" duration-ms="79" status="PASS">
          <reporter-output>
          </reporter-output>
        </test-method> <!-- tearDown -->
        <test-method is-config="true" signature="setUp()[pri:0, instance:com.hrms.testcases.LoginTest@3e3047e6]" started-at="2021-07-12T14:18:42 EDT" name="setUp" finished-at="2021-07-12T14:18:44 EDT" duration-ms="2030" status="PASS">
          <reporter-output>
          </reporter-output>
        </test-method> <!-- setUp -->
        <test-method signature="invalidLoginErrorMessageValidation(java.lang.String,java.lang.String,java.lang.String)[pri:0, instance:com.hrms.testcases.LoginTest@3e3047e6]" started-at="2021-07-12T14:18:44 EDT" name="invalidLoginErrorMessageValidation" data-provider="invalidData" finished-at="2021-07-12T14:18:44 EDT" duration-ms="525" status="PASS">
          <params>
            <param index="0">
              <value>
                <![CDATA[Admin1]]>
              </value>
            </param>
            <param index="1">
              <value>
                <![CDATA[Syntax123!]]>
              </value>
            </param>
            <param index="2">
              <value>
                <![CDATA[Invalid credentials]]>
              </value>
            </param>
          </params>
          <reporter-output>
          </reporter-output>
        </test-method> <!-- invalidLoginErrorMessageValidation -->
        <test-method is-config="true" signature="tearDown()[pri:0, instance:com.hrms.testcases.LoginTest@3e3047e6]" started-at="2021-07-12T14:18:45 EDT" name="tearDown" finished-at="2021-07-12T14:18:45 EDT" duration-ms="82" status="PASS">
          <reporter-output>
          </reporter-output>
        </test-method> <!-- tearDown -->
        <test-method is-config="true" signature="setUp()[pri:0, instance:com.hrms.testcases.LoginTest@3e3047e6]" started-at="2021-07-12T14:18:45 EDT" name="setUp" finished-at="2021-07-12T14:18:47 EDT" duration-ms="1972" status="PASS">
          <reporter-output>
          </reporter-output>
        </test-method> <!-- setUp -->
        <test-method signature="invalidLoginErrorMessageValidation(java.lang.String,java.lang.String,java.lang.String)[pri:0, instance:com.hrms.testcases.LoginTest@3e3047e6]" started-at="2021-07-12T14:18:47 EDT" name="invalidLoginErrorMessageValidation" data-provider="invalidData" finished-at="2021-07-12T14:18:47 EDT" duration-ms="296" status="PASS">
          <params>
            <param index="0">
              <value>
                <![CDATA[James]]>
              </value>
            </param>
            <param index="1">
              <value>
                <![CDATA[]]>
              </value>
            </param>
            <param index="2">
              <value>
                <![CDATA[Password cannot be empty]]>
              </value>
            </param>
          </params>
          <reporter-output>
          </reporter-output>
        </test-method> <!-- invalidLoginErrorMessageValidation -->
        <test-method is-config="true" signature="tearDown()[pri:0, instance:com.hrms.testcases.LoginTest@3e3047e6]" started-at="2021-07-12T14:18:48 EDT" name="tearDown" finished-at="2021-07-12T14:18:48 EDT" duration-ms="80" status="PASS">
          <reporter-output>
          </reporter-output>
        </test-method> <!-- tearDown -->
        <test-method is-config="true" signature="setUp()[pri:0, instance:com.hrms.testcases.LoginTest@3e3047e6]" started-at="2021-07-12T14:18:48 EDT" name="setUp" finished-at="2021-07-12T14:18:50 EDT" duration-ms="2305" status="PASS">
          <reporter-output>
          </reporter-output>
        </test-method> <!-- setUp -->
        <test-method signature="invalidLoginErrorMessageValidation(java.lang.String,java.lang.String,java.lang.String)[pri:0, instance:com.hrms.testcases.LoginTest@3e3047e6]" started-at="2021-07-12T14:18:50 EDT" name="invalidLoginErrorMessageValidation" data-provider="invalidData" finished-at="2021-07-12T14:18:50 EDT" duration-ms="291" status="PASS">
          <params>
            <param index="0">
              <value>
                <![CDATA[]]>
              </value>
            </param>
            <param index="1">
              <value>
                <![CDATA[Syntax123!]]>
              </value>
            </param>
            <param index="2">
              <value>
                <![CDATA[Username cannot be empty]]>
              </value>
            </param>
          </params>
          <reporter-output>
          </reporter-output>
        </test-method> <!-- invalidLoginErrorMessageValidation -->
        <test-method is-config="true" signature="tearDown()[pri:0, instance:com.hrms.testcases.LoginTest@3e3047e6]" started-at="2021-07-12T14:18:51 EDT" name="tearDown" finished-at="2021-07-12T14:18:51 EDT" duration-ms="80" status="PASS">
          <reporter-output>
          </reporter-output>
        </test-method> <!-- tearDown -->
      </class> <!-- com.hrms.testcases.LoginTest -->
    </test> <!-- Regression Test -->
  </suite> <!-- Regression Suite -->
</testng-results>
